TN:
SF:src\index.ts
FN:26,(anonymous_4)
FN:27,(anonymous_5)
FN:27,(anonymous_6)
FN:28,(anonymous_7)
FN:29,(anonymous_8)
FN:30,(anonymous_9)
FN:31,(anonymous_10)
FN:34,(anonymous_11)
FN:35,(anonymous_12)
FN:36,(anonymous_13)
FN:37,(anonymous_14)
FN:38,(anonymous_15)
FN:39,(anonymous_16)
FN:42,(anonymous_17)
FN:43,(anonymous_18)
FN:100,createEditor
FNF:16
FNH:4
FNDA:1,(anonymous_4)
FNDA:0,(anonymous_5)
FNDA:0,(anonymous_6)
FNDA:0,(anonymous_7)
FNDA:0,(anonymous_8)
FNDA:0,(anonymous_9)
FNDA:0,(anonymous_10)
FNDA:0,(anonymous_11)
FNDA:0,(anonymous_12)
FNDA:0,(anonymous_13)
FNDA:0,(anonymous_14)
FNDA:0,(anonymous_15)
FNDA:0,(anonymous_16)
FNDA:8,(anonymous_17)
FNDA:16,(anonymous_18)
FNDA:63,createEditor
DA:26,2
DA:27,1
DA:28,1
DA:29,1
DA:30,1
DA:31,1
DA:34,1
DA:35,1
DA:36,1
DA:37,1
DA:38,1
DA:39,1
DA:42,9
DA:43,17
DA:44,1
DA:62,1
DA:100,1
DA:102,63
DA:103,1
DA:109,62
LF:20
LH:20
BRDA:102,0,0,1
BRF:1
BRH:1
end_of_record
TN:
SF:src\core\ContentArea.ts
FN:21,(anonymous_0)
FN:102,(anonymous_1)
FN:67,(anonymous_2)
FN:69,(anonymous_3)
FN:75,(anonymous_4)
FN:76,(anonymous_5)
FN:82,(anonymous_6)
FN:85,(anonymous_7)
FN:88,(anonymous_8)
FN:92,(anonymous_9)
FN:95,(anonymous_10)
FN:113,(anonymous_11)
FN:140,(anonymous_12)
FN:144,(anonymous_13)
FN:160,(anonymous_14)
FN:166,(anonymous_15)
FN:178,(anonymous_16)
FN:190,(anonymous_17)
FN:194,(anonymous_18)
FN:198,(anonymous_19)
FN:203,(anonymous_20)
FN:207,(anonymous_21)
FN:212,(anonymous_22)
FN:216,(anonymous_23)
FNF:24
FNH:12
FNDA:73,(anonymous_0)
FNDA:0,(anonymous_1)
FNDA:73,(anonymous_2)
FNDA:0,(anonymous_3)
FNDA:11,(anonymous_4)
FNDA:1,(anonymous_5)
FNDA:0,(anonymous_6)
FNDA:0,(anonymous_7)
FNDA:0,(anonymous_8)
FNDA:0,(anonymous_9)
FNDA:0,(anonymous_10)
FNDA:0,(anonymous_11)
FNDA:0,(anonymous_12)
FNDA:0,(anonymous_13)
FNDA:0,(anonymous_14)
FNDA:0,(anonymous_15)
FNDA:17,(anonymous_16)
FNDA:112,(anonymous_17)
FNDA:32,(anonymous_18)
FNDA:16,(anonymous_19)
FNDA:108,(anonymous_20)
FNDA:3,(anonymous_21)
FNDA:12,(anonymous_22)
FNDA:7,(anonymous_23)
DA:11,1
DA:13,1
DA:22,73
DA:23,73
DA:26,73
DA:38,73
DA:39,73
DA:42,73
DA:43,11
DA:47,73
DA:48,0
DA:49,0
DA:50,0
DA:54,73
DA:55,1
DA:56,1
DA:60,73
DA:69,73
DA:70,0
DA:71,0
DA:75,73
DA:76,73
DA:79,73
DA:82,73
DA:85,73
DA:88,73
DA:89,0
DA:90,0
DA:92,73
DA:93,0
DA:95,73
DA:102,73
DA:103,0
DA:104,0
DA:105,0
DA:114,0
DA:116,0
DA:117,0
DA:118,0
DA:119,0
DA:120,0
DA:122,0
DA:123,0
DA:124,0
DA:125,0
DA:130,0
DA:131,0
DA:132,0
DA:142,0
DA:143,0
DA:144,0
DA:145,0
DA:146,0
DA:149,0
DA:161,0
DA:162,0
DA:164,0
DA:165,0
DA:166,0
DA:167,0
DA:168,0
DA:180,17
DA:183,17
DA:191,112
DA:195,32
DA:199,16
DA:200,16
DA:204,108
DA:208,3
DA:209,3
DA:213,12
DA:217,7
DA:218,7
LF:73
LH:36
BRDA:104,0,0,0
BRDA:104,1,0,0
BRDA:104,1,1,0
BRDA:38,2,0,73
BRDA:38,2,1,72
BRDA:42,3,0,11
BRDA:47,4,0,0
BRDA:54,5,0,1
BRDA:114,6,0,0
BRDA:114,6,1,0
BRDA:116,7,0,0
BRDA:117,8,0,0
BRDA:117,8,1,0
BRDA:117,8,2,0
BRDA:117,8,3,0
BRDA:117,8,4,0
BRDA:123,9,0,0
BRDA:123,9,1,0
BRDA:130,10,0,0
BRDA:132,11,0,0
BRDA:132,11,1,0
BRDA:142,12,0,0
BRDA:145,13,0,0
BRDA:165,14,0,0
BRDA:165,15,0,0
BRDA:165,15,1,0
BRDA:167,16,0,0
BRDA:180,17,0,17
BRDA:180,17,1,9
BRDA:180,17,2,9
BRDA:204,18,0,108
BRDA:204,18,1,0
BRF:32
BRH:8
end_of_record
TN:
SF:src\core\Editor.ts
FN:78,(anonymous_0)
FN:137,(anonymous_1)
FN:141,(anonymous_2)
FN:158,(anonymous_3)
FN:165,(anonymous_4)
FN:177,(anonymous_5)
FN:181,(anonymous_6)
FN:189,(anonymous_7)
FN:198,(anonymous_8)
FN:210,(anonymous_9)
FN:214,(anonymous_10)
FN:218,(anonymous_11)
FN:240,(anonymous_12)
FN:277,(anonymous_13)
FN:321,(anonymous_14)
FN:330,(anonymous_15)
FN:334,(anonymous_16)
FN:338,(anonymous_17)
FN:346,(anonymous_18)
FN:350,(anonymous_19)
FN:358,(anonymous_20)
FN:362,(anonymous_21)
FN:366,(anonymous_22)
FN:374,(anonymous_23)
FN:393,(anonymous_24)
FN:431,(anonymous_25)
FNF:26
FNH:21
FNDA:62,(anonymous_0)
FNDA:9,(anonymous_1)
FNDA:0,(anonymous_2)
FNDA:8,(anonymous_3)
FNDA:8,(anonymous_4)
FNDA:107,(anonymous_5)
FNDA:1,(anonymous_6)
FNDA:0,(anonymous_7)
FNDA:312,(anonymous_8)
FNDA:0,(anonymous_9)
FNDA:0,(anonymous_10)
FNDA:0,(anonymous_11)
FNDA:18,(anonymous_12)
FNDA:16,(anonymous_13)
FNDA:9,(anonymous_14)
FNDA:58,(anonymous_15)
FNDA:59,(anonymous_16)
FNDA:57,(anonymous_17)
FNDA:26,(anonymous_18)
FNDA:5,(anonymous_19)
FNDA:314,(anonymous_20)
FNDA:31,(anonymous_21)
FNDA:24,(anonymous_22)
FNDA:10,(anonymous_23)
FNDA:7,(anonymous_24)
FNDA:104,(anonymous_25)
DA:35,1
DA:36,1
DA:43,1
DA:44,1
DA:45,1
DA:46,1
DA:47,1
DA:48,1
DA:50,1
DA:66,62
DA:67,62
DA:68,62
DA:69,62
DA:79,62
DA:80,62
DA:83,62
DA:84,61
DA:87,61
DA:91,61
DA:92,1
DA:96,61
DA:97,61
DA:100,61
DA:106,61
DA:107,61
DA:110,61
DA:111,61
DA:114,61
DA:118,61
DA:119,61
DA:120,61
DA:121,61
DA:124,61
DA:128,61
DA:131,61
DA:134,61
DA:137,61
DA:138,9
DA:139,9
DA:141,61
DA:142,0
DA:146,61
DA:147,1
DA:151,61
DA:159,8
DA:160,0
DA:162,8
DA:166,8
DA:167,8
DA:168,8
DA:169,0
DA:171,8
DA:172,0
DA:174,8
DA:178,107
DA:182,1
DA:190,0
DA:191,0
DA:192,0
DA:193,0
DA:194,0
DA:195,0
DA:199,312
DA:200,312
DA:202,312
DA:211,0
DA:215,0
DA:219,0
DA:220,0
DA:221,0
DA:243,18
DA:244,1
DA:247,18
DA:249,18
DA:251,11
DA:252,11
DA:255,7
DA:256,7
DA:257,7
DA:258,7
DA:259,7
DA:263,18
DA:264,18
DA:265,18
DA:279,16
DA:280,1
DA:283,16
DA:285,16
DA:287,11
DA:288,11
DA:291,11
DA:292,11
DA:294,11
DA:297,5
DA:298,5
DA:299,5
DA:300,5
DA:301,5
DA:305,16
DA:306,16
DA:307,16
DA:322,9
DA:323,9
DA:331,58
DA:335,59
DA:339,57
DA:347,26
DA:351,5
DA:359,314
DA:363,31
DA:367,24
DA:375,10
DA:394,7
DA:395,6
DA:398,6
DA:401,6
DA:404,6
DA:407,6
DA:408,6
DA:409,6
DA:412,6
DA:415,6
DA:432,104
DA:435,104
DA:438,104
DA:441,104
DA:442,104
DA:443,104
DA:445,104
LF:129
LH:114
BRDA:88,0,0,61
BRDA:88,0,1,60
BRDA:91,1,0,1
BRDA:110,2,0,61
BRDA:110,2,1,61
BRDA:119,3,0,61
BRDA:119,3,1,61
BRDA:146,4,0,1
BRDA:159,5,0,0
BRDA:168,6,0,0
BRDA:171,7,0,0
BRDA:192,8,0,0
BRDA:192,8,1,0
BRDA:243,9,0,1
BRDA:249,10,0,11
BRDA:249,10,1,7
BRDA:266,11,0,11
BRDA:266,11,1,7
BRDA:279,12,0,1
BRDA:285,13,0,11
BRDA:285,13,1,5
BRDA:308,14,0,11
BRDA:308,14,1,5
BRDA:394,15,0,1
BRDA:435,16,0,23
BRDA:435,16,1,81
BRDA:442,17,0,11
BRDA:443,18,0,11
BRF:28
BRH:23
end_of_record
TN:
SF:src\core\Fullscreen.ts
FN:39,(anonymous_0)
FN:31,(anonymous_1)
FN:52,(anonymous_2)
FN:64,(anonymous_3)
FN:75,(anonymous_4)
FN:86,(anonymous_5)
FN:91,(anonymous_6)
FNF:7
FNH:4
FNDA:71,(anonymous_0)
FNDA:0,(anonymous_1)
FNDA:22,(anonymous_2)
FNDA:0,(anonymous_3)
FNDA:0,(anonymous_4)
FNDA:61,(anonymous_5)
FNDA:8,(anonymous_6)
DA:21,1
DA:24,1
DA:26,1
DA:28,71
DA:31,71
DA:33,0
DA:34,0
DA:35,0
DA:40,71
DA:53,22
DA:54,22
DA:56,22
DA:58,14
DA:59,14
DA:60,14
DA:63,14
DA:64,0
DA:70,8
DA:71,8
DA:72,8
DA:74,8
DA:75,0
DA:81,22
DA:82,22
DA:87,61
DA:92,8
DA:93,2
DA:95,8
LF:28
LH:23
BRDA:33,0,0,0
BRDA:33,1,0,0
BRDA:33,1,1,0
BRDA:56,2,0,14
BRDA:56,2,1,8
BRDA:63,3,0,0
BRDA:74,4,0,0
BRDA:92,5,0,2
BRF:8
BRH:3
end_of_record
TN:
SF:src\core\SourceEditor.ts
FN:17,(anonymous_0)
FN:34,(anonymous_1)
FN:39,(anonymous_2)
FN:62,(anonymous_3)
FN:73,(anonymous_4)
FN:80,(anonymous_5)
FN:85,(anonymous_6)
FN:90,(anonymous_7)
FN:109,(anonymous_8)
FN:137,(anonymous_9)
FN:171,(anonymous_10)
FN:176,(anonymous_11)
FNF:12
FNH:10
FNDA:70,(anonymous_0)
FNDA:0,(anonymous_1)
FNDA:0,(anonymous_2)
FNDA:13,(anonymous_3)
FNDA:8,(anonymous_4)
FNDA:3,(anonymous_5)
FNDA:2,(anonymous_6)
FNDA:1,(anonymous_7)
FNDA:14,(anonymous_8)
FNDA:24,(anonymous_9)
FNDA:74,(anonymous_10)
FNDA:7,(anonymous_11)
DA:9,1
DA:12,1
DA:15,70
DA:18,70
DA:20,70
DA:30,70
DA:31,70
DA:34,70
DA:35,0
DA:39,70
DA:40,0
DA:41,0
DA:42,0
DA:43,0
DA:44,0
DA:47,0
DA:49,0
DA:63,13
DA:64,13
DA:65,13
DA:66,13
DA:74,8
DA:75,8
DA:76,8
DA:81,3
DA:86,2
DA:91,1
DA:111,14
DA:114,14
DA:122,14
DA:125,14
DA:131,14
DA:137,24
DA:138,14
DA:139,14
DA:140,14
DA:142,14
DA:143,5
DA:146,5
DA:147,0
DA:150,5
DA:153,5
DA:159,0
DA:163,14
DA:172,74
DA:177,7
LF:46
LH:36
BRDA:40,0,0,0
BRDA:146,1,0,0
BRDA:153,2,0,0
BRDA:154,3,0,5
BRDA:154,3,1,0
BRF:5
BRH:1
end_of_record
TN:
SF:src\core\Toolbar.ts
FN:23,getDefaultToolbarItems
FN:72,btn
FN:99,(anonymous_2)
FN:122,(anonymous_3)
FN:123,(anonymous_4)
FN:150,(anonymous_5)
FN:166,(anonymous_6)
FN:237,(anonymous_7)
FN:244,(anonymous_8)
FN:250,(anonymous_9)
FN:255,(anonymous_10)
FN:269,(anonymous_11)
FN:277,(anonymous_12)
FN:313,(anonymous_13)
FNF:14
FNH:8
FNDA:60,getDefaultToolbarItems
FNDA:2040,btn
FNDA:61,(anonymous_2)
FNDA:60,(anonymous_3)
FNDA:2540,(anonymous_4)
FNDA:0,(anonymous_5)
FNDA:0,(anonymous_6)
FNDA:0,(anonymous_7)
FNDA:0,(anonymous_8)
FNDA:0,(anonymous_9)
FNDA:0,(anonymous_10)
FNDA:77,(anonymous_11)
FNDA:52,(anonymous_12)
FNDA:6,(anonymous_13)
DA:16,1
DA:17,1
DA:23,1
DA:24,60
DA:79,2040
DA:86,1
DA:91,61
DA:100,61
DA:102,61
DA:104,1
DA:105,1
DA:108,1
DA:111,60
DA:112,60
DA:113,60
DA:114,60
DA:115,60
DA:123,60
DA:124,2540
DA:126,532
DA:131,532
DA:134,2008
DA:135,2008
DA:150,2008
DA:151,0
DA:152,0
DA:155,2008
DA:167,0
DA:170,0
DA:172,0
DA:174,0
DA:175,0
DA:176,0
DA:177,0
DA:178,0
DA:179,0
DA:180,0
DA:183,0
DA:184,0
DA:185,0
DA:186,0
DA:187,0
DA:188,0
DA:191,0
DA:192,0
DA:193,0
DA:194,0
DA:197,0
DA:198,0
DA:199,0
DA:200,0
DA:203,0
DA:204,0
DA:205,0
DA:206,0
DA:207,0
DA:210,0
DA:211,0
DA:214,0
DA:215,0
DA:218,0
DA:219,0
DA:220,0
DA:223,0
DA:226,0
DA:229,0
DA:238,0
DA:245,0
DA:246,0
DA:247,0
DA:248,0
DA:249,0
DA:250,0
DA:251,0
DA:252,0
DA:253,0
DA:255,0
DA:256,0
DA:257,0
DA:260,0
DA:261,0
DA:270,77
DA:278,52
DA:283,52
DA:292,52
DA:293,312
DA:294,312
DA:295,312
DA:296,312
DA:297,312
DA:301,52
DA:304,52
DA:307,52
DA:314,6
DA:315,6
LF:95
LH:39
BRDA:77,0,0,1680
BRDA:102,1,0,1
BRDA:111,2,0,60
BRDA:111,2,1,59
BRDA:124,3,0,532
BRDA:141,4,0,295
BRDA:141,4,1,1713
BRDA:172,5,0,0
BRDA:172,5,1,0
BRDA:172,5,2,0
BRDA:172,5,3,0
BRDA:172,5,4,0
BRDA:172,5,5,0
BRDA:172,5,6,0
BRDA:172,5,7,0
BRDA:172,5,8,0
BRDA:172,5,9,0
BRDA:172,5,10,0
BRDA:172,5,11,0
BRDA:172,5,12,0
BRDA:172,5,13,0
BRDA:172,5,14,0
BRDA:172,5,15,0
BRDA:172,5,16,0
BRDA:172,5,17,0
BRDA:172,5,18,0
BRDA:172,5,19,0
BRDA:172,5,20,0
BRDA:172,5,21,0
BRDA:172,5,22,0
BRDA:172,5,23,0
BRDA:172,5,24,0
BRDA:172,5,25,0
BRDA:172,5,26,0
BRDA:172,5,27,0
BRDA:172,5,28,0
BRDA:172,5,29,0
BRDA:172,5,30,0
BRDA:172,5,31,0
BRDA:172,5,32,0
BRDA:172,5,33,0
BRDA:172,5,34,0
BRDA:256,6,0,0
BRDA:294,7,0,0
BRDA:295,8,0,312
BRDA:295,8,1,0
BRF:46
BRH:8
end_of_record
TN:
SF:src\core\icons.ts
FN:11,svg
FNF:1
FNH:1
FNDA:36,svg
DA:12,36
DA:15,1
LF:2
LH:2
BRF:0
BRH:0
end_of_record
TN:
SF:src\plugins\ImagePlugin.ts
FN:38,(anonymous_0)
FN:63,(anonymous_1)
FN:48,(anonymous_2)
FN:55,(anonymous_3)
FN:85,(anonymous_4)
FN:170,(anonymous_5)
FN:171,(anonymous_6)
FN:172,(anonymous_7)
FN:175,(anonymous_8)
FN:188,(anonymous_9)
FN:192,(anonymous_10)
FN:200,(anonymous_11)
FN:206,(anonymous_12)
FN:213,(anonymous_13)
FN:261,(anonymous_14)
FN:290,(anonymous_15)
FN:292,(anonymous_16)
FN:293,(anonymous_17)
FN:304,(anonymous_18)
FN:320,(anonymous_19)
FN:366,(anonymous_20)
FN:372,(anonymous_21)
FNF:22
FNH:3
FNDA:71,(anonymous_0)
FNDA:0,(anonymous_1)
FNDA:69,(anonymous_2)
FNDA:9,(anonymous_3)
FNDA:0,(anonymous_4)
FNDA:0,(anonymous_5)
FNDA:0,(anonymous_6)
FNDA:0,(anonymous_7)
FNDA:0,(anonymous_8)
FNDA:0,(anonymous_9)
FNDA:0,(anonymous_10)
FNDA:0,(anonymous_11)
FNDA:0,(anonymous_12)
FNDA:0,(anonymous_13)
FNDA:0,(anonymous_14)
FNDA:0,(anonymous_15)
FNDA:0,(anonymous_16)
FNDA:0,(anonymous_17)
FNDA:0,(anonymous_18)
FNDA:0,(anonymous_19)
FNDA:0,(anonymous_20)
FNDA:0,(anonymous_21)
DA:16,1
DA:19,1
DA:22,1
DA:30,1
DA:31,71
DA:39,71
DA:40,71
DA:41,71
DA:49,69
DA:52,69
DA:56,9
DA:63,71
DA:64,0
DA:65,0
DA:67,0
DA:69,0
DA:72,0
DA:86,0
DA:89,0
DA:95,0
DA:167,0
DA:168,0
DA:170,0
DA:171,0
DA:172,0
DA:173,0
DA:174,0
DA:175,0
DA:176,0
DA:185,0
DA:186,0
DA:188,0
DA:189,0
DA:190,0
DA:191,0
DA:192,0
DA:193,0
DA:195,0
DA:200,0
DA:201,0
DA:204,0
DA:205,0
DA:206,0
DA:207,0
DA:211,0
DA:214,0
DA:215,0
DA:216,0
DA:217,0
DA:218,0
DA:220,0
DA:221,0
DA:222,0
DA:223,0
DA:226,0
DA:229,0
DA:230,0
DA:231,0
DA:234,0
DA:235,0
DA:236,0
DA:237,0
DA:241,0
DA:244,0
DA:245,0
DA:246,0
DA:248,0
DA:263,0
DA:264,0
DA:267,0
DA:271,0
DA:272,0
DA:275,0
DA:279,0
DA:280,0
DA:281,0
DA:283,0
DA:284,0
DA:285,0
DA:290,0
DA:291,0
DA:292,0
DA:293,0
DA:294,0
DA:295,0
DA:297,0
DA:305,0
DA:306,0
DA:307,0
DA:308,0
DA:309,0
DA:328,0
DA:329,0
DA:330,0
DA:331,0
DA:332,0
DA:333,0
DA:334,0
DA:338,0
DA:339,0
DA:340,0
DA:343,0
DA:346,0
DA:349,0
DA:353,0
DA:367,0
DA:368,0
DA:369,0
DA:373,0
LF:109
LH:12
BRDA:65,0,0,0
BRDA:65,1,0,0
BRDA:65,1,1,0
BRDA:67,2,0,0
BRDA:67,2,1,0
BRDA:39,3,0,71
BRDA:39,3,1,71
BRDA:40,4,0,71
BRDA:40,4,1,71
BRDA:190,5,0,0
BRDA:207,6,0,0
BRDA:220,7,0,0
BRDA:220,7,1,0
BRDA:230,8,0,0
BRDA:230,9,0,0
BRDA:230,9,1,0
BRDA:234,10,0,0
BRDA:263,11,0,0
BRDA:271,12,0,0
BRDA:279,13,0,0
BRDA:306,14,0,0
BRDA:329,15,0,0
BRDA:329,15,1,0
BRDA:331,16,0,0
BRDA:331,16,1,0
BRDA:333,17,0,0
BRDA:339,18,0,0
BRDA:343,19,0,0
BRDA:343,19,1,0
BRDA:349,20,0,0
BRDA:349,20,1,0
BRF:31
BRH:4
end_of_record
TN:
SF:src\plugins\LinkPlugin.ts
FN:16,(anonymous_0)
FN:34,(anonymous_1)
FN:21,(anonymous_2)
FN:26,(anonymous_3)
FN:44,(anonymous_4)
FN:107,(anonymous_5)
FN:110,(anonymous_6)
FN:115,(anonymous_7)
FN:123,(anonymous_8)
FN:161,(anonymous_9)
FN:175,(anonymous_10)
FN:179,(anonymous_11)
FN:183,(anonymous_12)
FNF:13
FNH:3
FNDA:71,(anonymous_0)
FNDA:0,(anonymous_1)
FNDA:69,(anonymous_2)
FNDA:9,(anonymous_3)
FNDA:0,(anonymous_4)
FNDA:0,(anonymous_5)
FNDA:0,(anonymous_6)
FNDA:0,(anonymous_7)
FNDA:0,(anonymous_8)
FNDA:0,(anonymous_9)
FNDA:0,(anonymous_10)
FNDA:0,(anonymous_11)
FNDA:0,(anonymous_12)
DA:14,1
DA:16,1
DA:17,71
DA:22,69
DA:23,69
DA:27,9
DA:34,71
DA:35,0
DA:36,0
DA:37,0
DA:45,0
DA:48,0
DA:49,0
DA:50,0
DA:51,0
DA:52,0
DA:54,0
DA:59,0
DA:107,0
DA:108,0
DA:109,0
DA:110,0
DA:111,0
DA:115,0
DA:116,0
DA:117,0
DA:118,0
DA:119,0
DA:123,0
DA:124,0
DA:125,0
DA:126,0
DA:127,0
DA:129,0
DA:130,0
DA:131,0
DA:134,0
DA:135,0
DA:137,0
DA:139,0
DA:142,0
DA:143,0
DA:144,0
DA:145,0
DA:146,0
DA:147,0
DA:150,0
DA:151,0
DA:152,0
DA:162,0
DA:163,0
DA:164,0
DA:165,0
DA:166,0
DA:167,0
DA:169,0
DA:171,0
DA:176,0
DA:180,0
DA:184,0
DA:185,0
DA:186,0
LF:62
LH:7
BRDA:36,0,0,0
BRDA:36,1,0,0
BRDA:36,1,1,0
BRDA:49,2,0,0
BRDA:49,2,1,0
BRDA:50,3,0,0
BRDA:50,3,1,0
BRDA:51,4,0,0
BRDA:51,4,1,0
BRDA:64,5,0,0
BRDA:64,5,1,0
BRDA:88,6,0,0
BRDA:88,6,1,0
BRDA:95,7,0,0
BRDA:95,7,1,0
BRDA:101,8,0,0
BRDA:101,8,1,0
BRDA:111,9,0,0
BRDA:125,10,0,0
BRDA:125,10,1,0
BRDA:129,11,0,0
BRDA:134,12,0,0
BRDA:134,12,1,0
BRDA:135,13,0,0
BRDA:135,13,1,0
BRDA:142,14,0,0
BRDA:163,15,0,0
BRDA:163,16,0,0
BRDA:163,16,1,0
BRDA:165,17,0,0
BRDA:165,17,1,0
BRDA:166,18,0,0
BRDA:166,19,0,0
BRDA:166,19,1,0
BRDA:176,20,0,0
BRDA:176,20,1,0
BRF:36
BRH:0
end_of_record
TN:
SF:src\plugins\ListPlugin.ts
FN:15,(anonymous_0)
FN:32,(anonymous_1)
FN:20,(anonymous_2)
FN:28,(anonymous_3)
FN:50,(anonymous_4)
FN:53,(anonymous_5)
FNF:6
FNH:3
FNDA:71,(anonymous_0)
FNDA:0,(anonymous_1)
FNDA:70,(anonymous_2)
FNDA:9,(anonymous_3)
FNDA:0,(anonymous_4)
FNDA:0,(anonymous_5)
DA:15,1
DA:16,71
DA:21,70
DA:25,70
DA:29,9
DA:32,71
DA:33,0
DA:34,0
DA:38,0
DA:42,0
DA:51,0
DA:52,0
DA:53,0
DA:54,0
DA:59,0
DA:60,0
DA:61,0
LF:17
LH:6
BRDA:34,0,0,0
BRDA:38,1,0,0
BRDA:39,2,0,0
BRDA:39,2,1,0
BRDA:54,3,0,0
BRDA:55,4,0,0
BRDA:55,4,1,0
BRDA:60,5,0,0
BRDA:60,6,0,0
BRDA:60,6,1,0
BRF:10
BRH:0
end_of_record
TN:
SF:src\plugins\PluginManager.ts
FN:25,(anonymous_0)
FN:60,(anonymous_1)
FN:77,(anonymous_2)
FN:82,(anonymous_3)
FN:91,(anonymous_4)
FN:92,(anonymous_5)
FNF:6
FNH:6
FNDA:68,(anonymous_0)
FNDA:343,(anonymous_1)
FNDA:19,(anonymous_2)
FNDA:1,(anonymous_3)
FNDA:8,(anonymous_4)
FNDA:44,(anonymous_5)
DA:12,1
DA:13,1
DA:14,1
DA:15,1
DA:16,1
DA:18,1
DA:20,68
DA:26,68
DA:28,68
DA:31,68
DA:39,68
DA:40,340
DA:41,336
DA:46,68
DA:47,5
DA:48,6
DA:61,343
DA:62,1
DA:65,1
DA:68,342
DA:69,342
DA:78,19
DA:83,1
DA:92,8
DA:93,44
DA:94,44
DA:96,1
DA:102,8
LF:28
LH:28
BRDA:28,0,0,68
BRDA:28,0,1,66
BRDA:40,1,0,336
BRDA:46,2,0,5
BRDA:61,3,0,1
BRF:5
BRH:5
end_of_record
TN:
SF:src\plugins\TablePlugin.ts
FN:17,(anonymous_0)
FN:35,(anonymous_1)
FN:22,(anonymous_2)
FN:27,(anonymous_3)
FN:45,(anonymous_4)
FN:100,(anonymous_5)
FN:119,(anonymous_6)
FN:122,(anonymous_7)
FN:127,(anonymous_8)
FN:145,(anonymous_9)
FNF:10
FNH:3
FNDA:71,(anonymous_0)
FNDA:0,(anonymous_1)
FNDA:69,(anonymous_2)
FNDA:9,(anonymous_3)
FNDA:0,(anonymous_4)
FNDA:0,(anonymous_5)
FNDA:0,(anonymous_6)
FNDA:0,(anonymous_7)
FNDA:0,(anonymous_8)
FNDA:0,(anonymous_9)
DA:15,1
DA:17,1
DA:18,71
DA:23,69
DA:24,69
DA:28,9
DA:35,71
DA:36,0
DA:37,0
DA:38,0
DA:46,0
DA:48,0
DA:53,0
DA:96,0
DA:97,0
DA:98,0
DA:100,0
DA:101,0
DA:102,0
DA:103,0
DA:104,0
DA:105,0
DA:106,0
DA:107,0
DA:109,0
DA:111,0
DA:112,0
DA:114,0
DA:115,0
DA:116,0
DA:119,0
DA:120,0
DA:121,0
DA:122,0
DA:123,0
DA:127,0
DA:128,0
DA:129,0
DA:130,0
DA:131,0
DA:133,0
DA:134,0
DA:135,0
DA:136,0
DA:137,0
DA:151,0
DA:152,0
DA:154,0
DA:155,0
DA:156,0
DA:157,0
DA:159,0
DA:162,0
DA:163,0
DA:164,0
DA:165,0
DA:166,0
DA:167,0
DA:169,0
DA:171,0
DA:173,0
LF:61
LH:7
BRDA:37,0,0,0
BRDA:37,1,0,0
BRDA:37,1,1,0
BRDA:101,2,0,0
BRDA:101,2,1,0
BRDA:102,3,0,0
BRDA:102,3,1,0
BRDA:123,4,0,0
BRDA:128,5,0,0
BRDA:128,5,1,0
BRDA:129,6,0,0
BRDA:129,6,1,0
BRDA:151,7,0,0
BRDA:151,7,1,0
BRDA:154,8,0,0
BRDA:163,9,0,0
BRDA:163,9,1,0
BRF:17
BRH:0
end_of_record
TN:
SF:src\plugins\VideoPlugin.ts
FN:25,(anonymous_0)
FN:46,(anonymous_1)
FN:33,(anonymous_2)
FN:38,(anonymous_3)
FN:56,(anonymous_4)
FN:114,(anonymous_5)
FN:117,(anonymous_6)
FN:122,(anonymous_7)
FN:132,(anonymous_8)
FN:166,(anonymous_9)
FN:195,(anonymous_10)
FN:206,(anonymous_11)
FN:245,(anonymous_12)
FN:268,(anonymous_13)
FNF:14
FNH:3
FNDA:71,(anonymous_0)
FNDA:0,(anonymous_1)
FNDA:69,(anonymous_2)
FNDA:9,(anonymous_3)
FNDA:0,(anonymous_4)
FNDA:0,(anonymous_5)
FNDA:0,(anonymous_6)
FNDA:0,(anonymous_7)
FNDA:0,(anonymous_8)
FNDA:0,(anonymous_9)
FNDA:0,(anonymous_10)
FNDA:0,(anonymous_11)
FNDA:0,(anonymous_12)
FNDA:0,(anonymous_13)
DA:17,1
DA:19,1
DA:20,71
DA:26,71
DA:34,69
DA:35,69
DA:39,9
DA:46,71
DA:47,0
DA:48,0
DA:49,0
DA:57,0
DA:59,0
DA:64,0
DA:114,0
DA:115,0
DA:116,0
DA:117,0
DA:118,0
DA:122,0
DA:123,0
DA:124,0
DA:125,0
DA:126,0
DA:127,0
DA:128,0
DA:132,0
DA:133,0
DA:134,0
DA:135,0
DA:136,0
DA:138,0
DA:139,0
DA:140,0
DA:141,0
DA:142,0
DA:145,0
DA:146,0
DA:147,0
DA:149,0
DA:150,0
DA:151,0
DA:152,0
DA:153,0
DA:168,0
DA:171,0
DA:172,0
DA:176,0
DA:177,0
DA:178,0
DA:182,0
DA:185,0
DA:186,0
DA:189,0
DA:196,0
DA:207,0
DA:209,0
DA:211,0
DA:214,0
DA:222,0
DA:224,0
DA:234,0
DA:251,0
DA:252,0
DA:253,0
DA:254,0
DA:256,0
DA:257,0
DA:259,0
DA:269,0
LF:70
LH:8
BRDA:48,0,0,0
BRDA:48,1,0,0
BRDA:48,1,1,0
BRDA:118,2,0,0
BRDA:126,3,0,0
BRDA:139,4,0,0
BRDA:145,5,0,0
BRDA:145,5,1,0
BRDA:146,6,0,0
BRDA:146,6,1,0
BRDA:171,7,0,0
BRDA:177,8,0,0
BRDA:185,9,0,0
BRDA:209,10,0,0
BRDA:211,11,0,0
BRDA:211,11,1,0
BRDA:222,12,0,0
BRDA:252,13,0,0
BRDA:252,13,1,0
BRDA:253,14,0,0
BRDA:253,14,1,0
BRDA:254,15,0,0
BRDA:256,16,0,0
BRDA:256,16,1,0
BRF:24
BRH:0
end_of_record
TN:
SF:src\utils\dom.ts
FN:13,resolveElement
FN:29,createElement
FN:61,saveSelection
FN:69,restoreSelection
FN:82,insertHTMLAtCaret
FNF:5
FNH:4
FNDA:65,resolveElement
FNDA:2993,createElement
FNDA:1,saveSelection
FNDA:1,restoreSelection
FNDA:0,insertHTMLAtCaret
DA:13,1
DA:14,65
DA:15,4
DA:16,4
DA:17,2
DA:21,2
DA:23,61
DA:29,1
DA:38,2993
DA:40,2993
DA:41,2991
DA:43,2993
DA:44,2746
DA:45,9264
DA:48,2993
DA:49,2010
DA:51,2993
DA:52,2725
DA:55,2993
DA:61,1
DA:62,1
DA:63,1
DA:64,0
DA:66,1
DA:69,1
DA:70,1
DA:71,0
DA:72,0
DA:73,0
DA:74,0
DA:82,1
DA:83,0
DA:84,0
DA:86,0
DA:87,0
DA:90,0
DA:91,0
DA:92,0
DA:93,0
DA:95,0
DA:96,0
DA:99,0
DA:102,0
DA:103,0
DA:104,0
DA:105,0
DA:106,0
DA:107,0
LF:48
LH:26
BRDA:14,0,0,4
BRDA:16,1,0,2
BRDA:31,2,0,0
BRDA:40,3,0,2991
BRDA:43,4,0,2746
BRDA:48,5,0,2010
BRDA:51,6,0,2725
BRDA:63,7,0,0
BRDA:63,8,0,1
BRDA:63,8,1,1
BRDA:70,9,0,1
BRDA:72,10,0,0
BRDA:84,11,0,0
BRDA:84,12,0,0
BRDA:84,12,1,0
BRDA:102,13,0,0
BRF:16
BRH:9
end_of_record
TN:
SF:src\utils\events.ts
FN:11,(anonymous_0)
FN:23,(anonymous_1)
FN:33,(anonymous_2)
FN:41,(anonymous_3)
FN:42,(anonymous_4)
FN:54,(anonymous_5)
FNF:6
FNH:6
FNDA:70,(anonymous_0)
FNDA:447,(anonymous_1)
FNDA:33,(anonymous_2)
FNDA:142,(anonymous_3)
FNDA:25,(anonymous_4)
FNDA:7,(anonymous_5)
DA:11,1
DA:16,70
DA:24,447
DA:25,196
DA:27,447
DA:34,33
DA:42,142
DA:43,25
DA:44,25
DA:46,1
DA:55,7
LF:11
LH:11
BRDA:24,0,0,196
BRF:1
BRH:1
end_of_record
TN:
SF:src\utils\sanitize.ts
FN:33,sanitizeHTML
FN:43,walk
FN:46,(anonymous_2)
FN:62,(anonymous_3)
FN:74,(anonymous_4)
FNF:5
FNH:5
FNDA:42,sanitizeHTML
FNDA:78,walk
FNDA:74,(anonymous_2)
FNDA:10,(anonymous_3)
FNDA:8,(anonymous_4)
DA:10,1
DA:24,1
DA:33,1
DA:37,42
DA:38,42
DA:44,78
DA:46,78
DA:47,74
DA:48,44
DA:49,44
DA:52,44
DA:53,8
DA:54,8
DA:58,36
DA:59,36
DA:60,10
DA:61,10
DA:62,10
DA:65,5
DA:70,36
DA:74,78
DA:77,42
DA:78,42
LF:23
LH:23
BRDA:35,0,0,30
BRDA:47,1,0,44
BRDA:52,2,0,8
BRDA:52,3,0,44
BRDA:52,3,1,9
BRDA:52,4,0,9
BRDA:52,4,1,2
BRDA:61,5,0,5
BRDA:62,6,0,10
BRDA:62,6,1,6
BRF:10
BRH:10
end_of_record
